  main.cpp
D:\CODE\plt_labs_sem5\lw_4\main.cpp(229,89): warning C4566: character represented by universal-character-name '\u2205' cannot be represented in the current code page (1252)
D:\CODE\plt_labs_sem5\lw_4\main.cpp(236,88): warning C4566: character represented by universal-character-name '\u2205' cannot be represented in the current code page (1252)
D:\CODE\plt_labs_sem5\lw_4\main.cpp(281,114): warning C4566: character represented by universal-character-name '\u2205' cannot be represented in the current code page (1252)
D:\CODE\plt_labs_sem5\lw_4\main.cpp(284,114): warning C4566: character represented by universal-character-name '\u2205' cannot be represented in the current code page (1252)
D:\CODE\plt_labs_sem5\lw_4\main.cpp(287,114): warning C4566: character represented by universal-character-name '\u2205' cannot be represented in the current code page (1252)
D:\CODE\plt_labs_sem5\lw_4\main.cpp(290,115): warning C4566: character represented by universal-character-name '\u2205' cannot be represented in the current code page (1252)
D:\CODE\plt_labs_sem5\lw_4\main.cpp(313,103): warning C4566: character represented by universal-character-name '\u2205' cannot be represented in the current code page (1252)
D:\CODE\plt_labs_sem5\lw_4\main.cpp(316,89): warning C4566: character represented by universal-character-name '\u2205' cannot be represented in the current code page (1252)
D:\CODE\plt_labs_sem5\lw_4\main.cpp(230,23): warning C4267: 'return': conversion from 'size_t' to 'int', possible loss of data
D:\CODE\plt_labs_sem5\lw_4\main.cpp(237,22): warning C4267: 'return': conversion from 'size_t' to 'int', possible loss of data
D:\CODE\plt_labs_sem5\lw_4\main.cpp(254,24): warning C4267: '=': conversion from 'size_t' to 'int', possible loss of data
D:\CODE\plt_labs_sem5\lw_4\main.cpp(258,24): warning C4267: '=': conversion from 'size_t' to 'int', possible loss of data
D:\CODE\plt_labs_sem5\lw_4\main.cpp(262,21): warning C4267: 'return': conversion from 'size_t' to 'int', possible loss of data
D:\CODE\plt_labs_sem5\lw_4\main.cpp(300,21): warning C4267: 'return': conversion from 'size_t' to 'int', possible loss of data
D:\CODE\plt_labs_sem5\lw_4\main.cpp(319,21): warning C4267: 'return': conversion from 'size_t' to 'int', possible loss of data
D:\CODE\plt_labs_sem5\lw_4\main.cpp(241,1): warning C4715: 'Interpreter::proc_id': not all control paths return a value
D:\CODE\plt_labs_sem5\lw_4\main.cpp(208,1): warning C4715: 'Interpreter::process_triad': not all control paths return a value
D:\CODE\plt_labs_sem5\lw_4\main.cpp(272,1): warning C4715: 'Interpreter::proc_operand': not all control paths return a value
D:\CODE\plt_labs_sem5\lw_4\main.cpp(133,1): warning C4715: 'Interpreter::get_op_char': not all control paths return a value
  lw_4.vcxproj -> D:\CODE\plt_labs_sem5\lw_4\x64\Debug\lw_4.exe
